library/build/outputs/mapping/release/mapping.txt
com.google.zxing.client.android.BeepManager -> com.google.zxing.client.android.a:
    java.lang.String TAG -> a
    android.app.Activity activity -> b
    android.media.MediaPlayer mediaPlayer -> c
    boolean playBeep -> d
    boolean vibrate -> e
    void updatePrefs() -> a
    void playBeepSoundAndVibrate() -> b
    android.media.MediaPlayer buildMediaPlayer(android.content.Context) -> a
com.google.zxing.client.android.BeepManager$1 -> com.google.zxing.client.android.b:
    void onCompletion(android.media.MediaPlayer) -> onCompletion
com.google.zxing.client.android.CaptureActivity -> com.google.zxing.client.android.CaptureActivity:
    java.lang.String TAG -> a
    java.lang.String[] ZXING_URLS -> b
    java.util.Set DISPLAYABLE_METADATA_TYPES -> c
    com.google.zxing.client.android.camera.CameraManager cameraManager -> d
    com.google.zxing.client.android.CaptureActivityHandler handler -> e
    com.google.zxing.Result savedResultToShow -> f
    com.google.zxing.client.android.ViewfinderView viewfinderView -> g
    android.widget.TextView statusView -> h
    android.view.View resultView -> i
    com.google.zxing.Result lastResult -> j
    boolean hasSurface -> k
    boolean copyToClipboard -> l
    int source$37429bb9 -> m
    java.lang.String sourceUrl -> n
    java.lang.String returnUrlTemplate -> o
    java.util.Collection decodeFormats -> p
    java.lang.String characterSet -> q
    java.lang.String versionName -> r
    com.google.zxing.client.android.history.HistoryManager historyManager -> s
    com.google.zxing.client.android.InactivityTimer inactivityTimer -> t
    com.google.zxing.client.android.BeepManager beepManager -> u
    android.content.DialogInterface$OnClickListener aboutListener -> v
    com.google.zxing.client.android.ViewfinderView getViewfinderView() -> a
    android.os.Handler getHandler() -> b
    com.google.zxing.client.android.camera.CameraManager getCameraManager() -> c
    void onCreate(android.os.Bundle) -> onCreate
    void onResume() -> onResume
com.google.zxing.client.android.CaptureActivity$1 -> com.google.zxing.client.android.c:
    com.google.zxing.client.android.CaptureActivity this$0 -> a
    void onClick(android.content.DialogInterface,int) -> onClick
com.google.zxing.client.android.CaptureActivity$2 -> com.google.zxing.client.android.d:
    int[] $SwitchMap$com$google$zxing$client$android$IntentSource -> a
com.google.zxing.client.android.CaptureActivityHandler -> com.google.zxing.client.android.e:
    java.lang.String TAG -> a
    com.google.zxing.client.android.CaptureActivity activity -> b
    com.google.zxing.client.android.DecodeThread decodeThread -> c
    int state$495b0d5c -> d
    com.google.zxing.client.android.camera.CameraManager cameraManager -> e
    void handleMessage(android.os.Message) -> handleMessage
    void quitSynchronously() -> a
    void restartPreviewAndDecode() -> b
com.google.zxing.client.android.CaptureActivityHandler$State -> com.google.zxing.client.android.f:
    int PREVIEW$495b0d5c -> a
    int SUCCESS$495b0d5c -> b
    int DONE$495b0d5c -> c
    int[] $VALUES$22a0ef89 -> d
com.google.zxing.client.android.Contents -> com.google.zxing.client.android.g:
    java.lang.String[] PHONE_KEYS -> a
    java.lang.String[] PHONE_TYPE_KEYS -> b
    java.lang.String[] EMAIL_KEYS -> c
    java.lang.String[] EMAIL_TYPE_KEYS -> d
com.google.zxing.client.android.DecodeFormatManager -> com.google.zxing.client.android.h:
    java.util.regex.Pattern COMMA_PATTERN -> e
    java.util.Collection PRODUCT_FORMATS -> a
    java.util.Collection ONE_D_FORMATS -> b
    java.util.Collection QR_CODE_FORMATS -> c
    java.util.Collection DATA_MATRIX_FORMATS -> d
    java.util.Collection parseDecodeFormats(android.content.Intent) -> a
    java.util.Collection parseDecodeFormats(android.net.Uri) -> a
    java.util.Collection parseDecodeFormats(java.lang.Iterable,java.lang.String) -> a
...
com.google.zxing.datamatrix.decoder.DecodedBitStreamParser$Mode -> com.google.zxing.datamatrix.decoder.e:
    int PAD_ENCODE$6e85352 -> a
    int ASCII_ENCODE$6e85352 -> b
    int C40_ENCODE$6e85352 -> c
    int TEXT_ENCODE$6e85352 -> d
    int ANSIX12_ENCODE$6e85352 -> e
    int EDIFACT_ENCODE$6e85352 -> f
    int BASE256_ENCODE$6e85352 -> g
    int[] $VALUES$3a3249a9 -> h
    int[] values$68f9f718() -> a
com.google.zxing.datamatrix.decoder.Decoder -> com.google.zxing.datamatrix.decoder.f:
    com.google.zxing.common.reedsolomon.ReedSolomonDecoder rsDecoder -> a
    com.google.zxing.common.DecoderResult decode(com.google.zxing.common.BitMatrix) -> a
com.google.zxing.datamatrix.decoder.Version -> com.google.zxing.datamatrix.decoder.g:
    com.google.zxing.datamatrix.decoder.Version[] VERSIONS -> a
    int versionNumber -> b
    int symbolSizeRows -> c
    int symbolSizeColumns -> d
    int dataRegionSizeRows -> e
    int dataRegionSizeColumns -> f
    com.google.zxing.datamatrix.decoder.Version$ECBlocks ecBlocks -> g
    int totalCodewords -> h
    int getVersionNumber() -> a
    int getSymbolSizeRows() -> b
    int getSymbolSizeColumns() -> c
    int getDataRegionSizeRows() -> d
    int getDataRegionSizeColumns() -> e
    int getTotalCodewords() -> f
    com.google.zxing.datamatrix.decoder.Version$ECBlocks getECBlocks() -> g
    com.google.zxing.datamatrix.decoder.Version getVersionForDimensions(int,int) -> a
    java.lang.String toString() -> toString
com.google.zxing.datamatrix.decoder.Version$ECB -> com.google.zxing.datamatrix.decoder.h:
    int count -> a
    int dataCodewords -> b
    int getCount() -> a
    int getDataCodewords() -> b
com.google.zxing.datamatrix.decoder.Version$ECBlocks -> com.google.zxing.datamatrix.decoder.i:
    int ecCodewords -> a
    com.google.zxing.datamatrix.decoder.Version$ECB[] ecBlocks -> b
    int getECCodewords() -> a
    com.google.zxing.datamatrix.decoder.Version$ECB[] getECBlocks() -> b
com.google.zxing.datamatrix.detector.Detector -> com.google.zxing.datamatrix.detector.a:
    com.google.zxing.common.BitMatrix image -> a
    com.google.zxing.common.detector.WhiteRectangleDetector rectangleDetector -> b
    com.google.zxing.common.DetectorResult detect() -> a
    boolean isValid(com.google.zxing.ResultPoint) -> a
    int distance(com.google.zxing.ResultPoint,com.google.zxing.ResultPoint) -> a
    void increment(java.util.Map,com.google.zxing.ResultPoint) -> a
    com.google.zxing.common.BitMatrix sampleGrid(com.google.zxing.common.BitMatrix,com.google.zxing.ResultPoint,com.google.zxing.ResultPoint,com.google.zxing.ResultPoint,com.google.zxing.ResultPoint,int,int) -> a
    com.google.zxing.datamatrix.detector.Detector$ResultPointsAndTransitions transitionsBetween(com.google.zxing.ResultPoint,com.google.zxing.ResultPoint) -> b
com.google.zxing.datamatrix.detector.Detector$ResultPointsAndTransitions -> com.google.zxing.datamatrix.detector.b:
    com.google.zxing.ResultPoint from -> a
    com.google.zxing.ResultPoint to -> b
    int transitions -> c
    com.google.zxing.ResultPoint getFrom() -> a
    com.google.zxing.ResultPoint getTo() -> b
    int getTransitions() -> c
    java.lang.String toString() -> toString
com.google.zxing.datamatrix.detector.Detector$ResultPointsAndTransitionsComparator -> com.google.zxing.datamatrix.detector.c:
    int compare(java.lang.Object,java.lang.Object) -> compare
com.google.zxing.maxicode.MaxiCodeReader -> com.google.zxing.maxicode.a:
    com.google.zxing.ResultPoint[] NO_POINTS -> a
    com.google.zxing.maxicode.decoder.Decoder decoder -> b
    com.google.zxing.Result decode(com.google.zxing.BinaryBitmap,java.util.Map) -> a
    void reset() -> a
com.google.zxing.maxicode.decoder.BitMatrixParser -> com.google.zxing.maxicode.decoder.a:
    int[][] BITNR -> a
    com.google.zxing.common.BitMatrix bitMatrix -> b
    byte[] readCodewords() -> a