library/build/outputs/mapping/release/usage.txt
com.google.zxing.client.android.BeepManager:
    private static final float BEEP_VOLUME
    private static final long VIBRATE_DURATION
com.google.zxing.client.android.BuildConfig
com.google.zxing.client.android.CaptureActivity:
    private static final int SHARE_ID
    private static final int HISTORY_ID
    private static final int SETTINGS_ID
    private static final int HELP_ID
    private static final int ABOUT_ID
    private static final long DEFAULT_INTENT_RESULT_DURATION_MS
    private static final long BULK_MODE_SCAN_DELAY_MS
    private static final java.lang.String PACKAGE_NAME
    private static final java.lang.String PRODUCT_SEARCH_URL_PREFIX
    private static final java.lang.String PRODUCT_SEARCH_URL_SUFFIX
    private static final java.lang.String RETURN_CODE_PLACEHOLDER
    private static final java.lang.String RETURN_URL_PARAM
    public static final int HISTORY_REQUEST_CODE
    693:713:private boolean showHelpOnFirstLaunch()
com.google.zxing.client.android.Contents:
    public static final java.lang.String URL_KEY
    public static final java.lang.String NOTE_KEY
    28:29:private Contents()
com.google.zxing.client.android.Contents$Type
com.google.zxing.client.android.DecodeFormatManager:
    50:50:private DecodeFormatManager()
com.google.zxing.client.android.DecodeThread:
    public static final java.lang.String BARCODE_BITMAP
com.google.zxing.client.android.HelpActivity:
    public static final java.lang.String REQUESTED_PAGE_KEY
    public static final java.lang.String DEFAULT_PAGE
    public static final java.lang.String WHATS_NEW_PAGE
    private static final java.lang.String WEBVIEW_STATE_PRESENT
com.google.zxing.client.android.HttpHelper:
    43:44:private HttpHelper()
com.google.zxing.client.android.InactivityTimer:
    private static final int INACTIVITY_DELAY_SECONDS
com.google.zxing.client.android.Intents
com.google.zxing.client.android.Intents$Encode
com.google.zxing.client.android.Intents$History
com.google.zxing.client.android.Intents$Scan
com.google.zxing.client.android.Intents$SearchBookContents
com.google.zxing.client.android.Intents$Share
com.google.zxing.client.android.Intents$WifiConnect
com.google.zxing.client.android.LocaleManager:
    private static final java.lang.String DEFAULT_TLD
    private static final java.lang.String DEFAULT_COUNTRY
    private static final java.lang.String DEFAULT_LANGUAGE
    119:119:private LocaleManager()
    173:174:private static java.lang.String doGetTLD(java.util.Map)
com.google.zxing.client.android.PlanarYUVLuminanceSource:
    106:106:public boolean isCropSupported()
com.google.zxing.client.android.PreferencesActivity:
    public static final java.lang.String KEY_DECODE_1D
    public static final java.lang.String KEY_DECODE_QR
    public static final java.lang.String KEY_DECODE_DATA_MATRIX
    public static final java.lang.String KEY_CUSTOM_PRODUCT_SEARCH
    public static final java.lang.String KEY_REVERSE_IMAGE
    public static final java.lang.String KEY_PLAY_BEEP
    public static final java.lang.String KEY_VIBRATE
    public static final java.lang.String KEY_COPY_TO_CLIPBOARD
    public static final java.lang.String KEY_FRONT_LIGHT
    public static final java.lang.String KEY_BULK_MODE
    public static final java.lang.String KEY_REMEMBER_DUPLICATES
    public static final java.lang.String KEY_SUPPLEMENTAL
    public static final java.lang.String KEY_SEARCH_COUNTRY
    public static final java.lang.String KEY_HELP_VERSION_SHOWN
com.google.zxing.client.android.ViewfinderView:
    private static final long ANIMATION_DELAY
    private static final int CURRENT_POINT_OPACITY
    private static final int MAX_RESULT_POINTS
    private static final int POINT_SIZE
com.google.zxing.client.android.camera.AutoFocusCallback:
    private static final long AUTOFOCUS_INTERVAL_MS
...
com.google.zxing.common.HybridBinarizer:
    private static final int BLOCK_SIZE_POWER
    private static final int BLOCK_SIZE
    private static final int BLOCK_SIZE_MASK
    private static final int MINIMUM_DIMENSION
com.google.zxing.common.PerspectiveTransform:
    88:96:public void transformPoints(float[],float[])
com.google.zxing.common.StringUtils:
    public static final java.lang.String SHIFT_JIS
    public static final java.lang.String GB2312
    private static final java.lang.String EUC_JP
    private static final java.lang.String UTF8
    private static final java.lang.String ISO88591
    41:41:private StringUtils()
com.google.zxing.common.detector.MonochromeRectangleDetector
com.google.zxing.common.detector.WhiteRectangleDetector:
    private static final int INIT_SIZE
    private static final int CORR
com.google.zxing.common.reedsolomon.GenericGF:
    private static final int INITIALIZATION_THRESHOLD
com.google.zxing.datamatrix.DataMatrixReader:
    59:59:public com.google.zxing.Result decode(com.google.zxing.BinaryBitmap)
com.google.zxing.datamatrix.decoder.DecodedBitStreamParser:
    79:80:private DecodedBitStreamParser()
com.google.zxing.datamatrix.decoder.Decoder:
    51:60:public com.google.zxing.common.DecoderResult decode(boolean[][])
com.google.zxing.maxicode.MaxiCodeReader:
    private static final int MATRIX_WIDTH
    private static final int MATRIX_HEIGHT
    47:47:com.google.zxing.maxicode.decoder.Decoder getDecoder()
    60:60:public com.google.zxing.Result decode(com.google.zxing.BinaryBitmap)
com.google.zxing.maxicode.decoder.DecodedBitStreamParser:
    private static final char SHIFTA
    private static final char SHIFTB
    private static final char SHIFTC
    private static final char SHIFTD
    private static final char SHIFTE
    private static final char TWOSHIFTA
    private static final char THREESHIFTA
    private static final char LATCHA
    private static final char LATCHB
    private static final char LOCK
    private static final char ECI
    private static final char NS
    private static final char PAD
    private static final char FS
    private static final char GS
    private static final char RS
    60:61:private DecodedBitStreamParser()
com.google.zxing.maxicode.decoder.Decoder:
    private static final int ALL
    private static final int EVEN
    private static final int ODD
    49:49:public com.google.zxing.common.DecoderResult decode(com.google.zxing.common.BitMatrix)
com.google.zxing.multi.ByQuadrantReader
com.google.zxing.multi.GenericMultipleBarcodeReader
com.google.zxing.multi.MultipleBarcodeReader
com.google.zxing.multi.qrcode.QRCodeMultiReader
com.google.zxing.multi.qrcode.detector.MultiDetector
com.google.zxing.multi.qrcode.detector.MultiFinderPatternFinder
com.google.zxing.multi.qrcode.detector.MultiFinderPatternFinder$1
com.google.zxing.multi.qrcode.detector.MultiFinderPatternFinder$ModuleSizeComparator
com.google.zxing.oned.CodaBarReader:
    private static final java.lang.String ALPHABET_STRING
    private static final int minCharacterLength
com.google.zxing.oned.Code128Reader:
    private static final int MAX_AVG_VARIANCE
    private static final int MAX_INDIVIDUAL_VARIANCE
    private static final int CODE_SHIFT
    private static final int CODE_CODE_C
    private static final int CODE_CODE_B
    private static final int CODE_CODE_A
    private static final int CODE_FNC_1
    private static final int CODE_FNC_2
    private static final int CODE_FNC_3
    private static final int CODE_FNC_4_A
    private static final int CODE_FNC_4_B
    private static final int CODE_START_A
    private static final int CODE_START_B
    private static final int CODE_START_C
    private static final int CODE_STOP